<?xml version="1.0" encoding="UTF-8"?>
<testng-results skipped="0" failed="0" ignored="0" total="1" passed="1">
  <reporter-output>
  </reporter-output>
  <suite name="Testingframework" duration-ms="15731" started-at="2022-11-09T21:12:03 IST" finished-at="2022-11-09T21:12:19 IST">
    <groups>
    </groups>
    <test name="LoginTest2" duration-ms="15731" started-at="2022-11-09T21:12:03 IST" finished-at="2022-11-09T21:12:19 IST">
      <class name="com.UTCL.testcases.TC_Loginpage_001">
        <test-method status="PASS" signature="setup(java.lang.String)[pri:0, instance:com.UTCL.testcases.TC_Loginpage_001@78ac1102]" name="setup" is-config="true" duration-ms="7698" started-at="2022-11-09T21:12:03 IST" finished-at="2022-11-09T21:12:11 IST">
          <params>
            <param index="0">
              <value>
                <![CDATA[chrome]]>
              </value>
            </param>
          </params>
          <reporter-output>
          </reporter-output>
        </test-method> <!-- setup -->
        <test-method status="PASS" signature="logintest()[pri:0, instance:com.UTCL.testcases.TC_Loginpage_001@78ac1102]" name="logintest" duration-ms="7719" started-at="2022-11-09T21:12:11 IST" finished-at="2022-11-09T21:12:18 IST">
          <reporter-output>
          </reporter-output>
        </test-method> <!-- logintest -->
        <test-method status="PASS" signature="teardown()[pri:0, instance:com.UTCL.testcases.TC_Loginpage_001@78ac1102]" name="teardown" is-config="true" duration-ms="236" started-at="2022-11-09T21:12:18 IST" finished-at="2022-11-09T21:12:19 IST">
          <reporter-output>
          </reporter-output>
        </test-method> <!-- teardown -->
      </class> <!-- com.UTCL.testcases.TC_Loginpage_001 -->
    </test> <!-- LoginTest2 -->
  </suite> <!-- Testingframework -->
</testng-results>
